<?xml version="1.0" encoding="UTF-8"?>
<coverage generated="1585333658275" clover="3.2.0">
  <project timestamp="1585333658275" name="All files">
    <metrics statements="30" coveredstatements="21" conditionals="14" coveredconditionals="4" methods="9" coveredmethods="6" elements="53" coveredelements="31" complexity="0" loc="30" ncloc="30" packages="2" files="3" classes="3"/>
    <package name="error">
      <metrics statements="5" coveredstatements="5" conditionals="2" coveredconditionals="1" methods="2" coveredmethods="2"/>
      <file name="Error.ts" path="/Volumes/Data/Projects/ownzones-test/error/Error.ts">
        <metrics statements="5" coveredstatements="5" conditionals="2" coveredconditionals="1" methods="2" coveredmethods="2"/>
        <line num="1" count="1" type="stmt"/>
        <line num="6" count="2" type="cond" truecount="1" falsecount="1"/>
        <line num="7" count="2" type="stmt"/>
        <line num="8" count="2" type="stmt"/>
        <line num="10" count="1" type="stmt"/>
      </file>
    </package>
    <package name="services">
      <metrics statements="25" coveredstatements="16" conditionals="12" coveredconditionals="3" methods="7" coveredmethods="4"/>
      <file name="CacheProvider.ts" path="/Volumes/Data/Projects/ownzones-test/services/CacheProvider.ts">
        <metrics statements="7" coveredstatements="4" conditionals="2" coveredconditionals="0" methods="3" coveredmethods="1"/>
        <line num="1" count="1" type="stmt"/>
        <line num="3" count="1" type="stmt"/>
        <line num="5" count="1" type="stmt"/>
        <line num="6" count="0" type="cond" truecount="0" falsecount="2"/>
        <line num="7" count="0" type="stmt"/>
        <line num="9" count="0" type="stmt"/>
        <line num="17" count="1" type="stmt"/>
      </file>
      <file name="cacheErrorHandler.ts" path="/Volumes/Data/Projects/ownzones-test/services/cacheErrorHandler.ts">
        <metrics statements="18" coveredstatements="12" conditionals="10" coveredconditionals="3" methods="4" coveredmethods="3"/>
        <line num="2" count="1" type="stmt"/>
        <line num="3" count="1" type="stmt"/>
        <line num="5" count="1" type="stmt"/>
        <line num="6" count="1" type="cond" truecount="1" falsecount="1"/>
        <line num="7" count="1" type="stmt"/>
        <line num="12" count="1" type="cond" truecount="1" falsecount="1"/>
        <line num="13" count="1" type="stmt"/>
        <line num="18" count="0" type="cond" truecount="0" falsecount="2"/>
        <line num="19" count="0" type="stmt"/>
        <line num="23" count="1" type="stmt"/>
        <line num="25" count="1" type="cond" truecount="1" falsecount="1"/>
        <line num="26" count="1" type="stmt"/>
        <line num="27" count="1" type="stmt"/>
        <line num="28" count="1" type="stmt"/>
        <line num="29" count="0" type="cond" truecount="0" falsecount="2"/>
        <line num="30" count="0" type="stmt"/>
        <line num="31" count="0" type="stmt"/>
        <line num="33" count="0" type="stmt"/>
      </file>
    </package>
  </project>
</coverage>
