{"/Volumes/Data/Projects/ownzones-test/src/bootstrap.ts": {"path":"/Volumes/Data/Projects/ownzones-test/src/bootstrap.ts","statementMap":{"0":{"start":{"line":1,"column":0},"end":{"line":1,"column":35}},"1":{"start":{"line":3,"column":0},"end":{"line":3,"column":29}},"2":{"start":{"line":4,"column":0},"end":{"line":4,"column":41}},"3":{"start":{"line":5,"column":0},"end":{"line":5,"column":33}},"4":{"start":{"line":6,"column":0},"end":{"line":6,"column":46}},"5":{"start":{"line":7,"column":0},"end":{"line":7,"column":42}},"6":{"start":{"line":8,"column":0},"end":{"line":8,"column":29}},"7":{"start":{"line":9,"column":0},"end":{"line":9,"column":30}},"8":{"start":{"line":10,"column":0},"end":{"line":10,"column":44}},"9":{"start":{"line":11,"column":0},"end":{"line":11,"column":51}},"10":{"start":{"line":12,"column":0},"end":{"line":12,"column":30}},"11":{"start":{"line":13,"column":0},"end":{"line":13,"column":36}},"12":{"start":{"line":14,"column":0},"end":{"line":14,"column":50}},"13":{"start":{"line":15,"column":0},"end":{"line":15,"column":63}},"14":{"start":{"line":16,"column":0},"end":{"line":16,"column":53}},"15":{"start":{"line":17,"column":0},"end":{"line":17,"column":53}},"16":{"start":{"line":19,"column":16},"end":{"line":19,"column":20}},"17":{"start":{"line":20,"column":6},"end":{"line":20,"column":7}},"18":{"start":{"line":20,"column":7},"end":{"line":20,"column":14}},"19":{"start":{"line":20,"column":16},"end":{"line":20,"column":23}},"20":{"start":{"line":20,"column":25},"end":{"line":20,"column":32}},"21":{"start":{"line":20,"column":34},"end":{"line":20,"column":41}},"22":{"start":{"line":20,"column":43},"end":{"line":20,"column":69}},"23":{"start":{"line":21,"column":19},"end":{"line":21,"column":28}},"24":{"start":{"line":23,"column":0},"end":{"line":25,"column":null}},"25":{"start":{"line":24,"column":2},"end":{"line":24,"column":25}},"26":{"start":{"line":26,"column":0},"end":{"line":26,"column":25}},"27":{"start":{"line":28,"column":0},"end":{"line":28,"column":56}},"28":{"start":{"line":29,"column":0},"end":{"line":29,"column":16}},"29":{"start":{"line":30,"column":0},"end":{"line":30,"column":18}},"30":{"start":{"line":31,"column":0},"end":{"line":31,"column":49}},"31":{"start":{"line":32,"column":0},"end":{"line":32,"column":27}},"32":{"start":{"line":33,"column":0},"end":{"line":33,"column":24}},"33":{"start":{"line":34,"column":0},"end":{"line":34,"column":26}},"34":{"start":{"line":35,"column":0},"end":{"line":35,"column":27}},"35":{"start":{"line":36,"column":0},"end":{"line":36,"column":22}},"36":{"start":{"line":39,"column":0},"end":{"line":64,"column":5}},"37":{"start":{"line":39,"column":1},"end":{"line":64,"column":2}},"38":{"start":{"line":40,"column":8},"end":{"line":40,"column":81}},"39":{"start":{"line":41,"column":21},"end":{"line":41,"column":null}},"40":{"start":{"line":41,"column":8},"end":{"line":41,"column":null}},"41":{"start":{"line":42,"column":15},"end":{"line":42,"column":null}},"42":{"start":{"line":42,"column":6},"end":{"line":42,"column":null}},"43":{"start":{"line":43,"column":6},"end":{"line":43,"column":8}},"44":{"start":{"line":43,"column":50},"end":{"line":43,"column":69}},"45":{"start":{"line":44,"column":4},"end":{"line":44,"column":60}},"46":{"start":{"line":45,"column":4},"end":{"line":51,"column":7}},"47":{"start":{"line":53,"column":20},"end":{"line":53,"column":null}},"48":{"start":{"line":53,"column":10},"end":{"line":53,"column":null}},"49":{"start":{"line":54,"column":8},"end":{"line":54,"column":41}},"50":{"start":{"line":55,"column":4},"end":{"line":55,"column":50}},"51":{"start":{"line":55,"column":25},"end":{"line":55,"column":49}},"52":{"start":{"line":59,"column":2},"end":{"line":59,"column":27}},"53":{"start":{"line":60,"column":8},"end":{"line":60,"column":52}},"54":{"start":{"line":61,"column":53},"end":{"line":61,"column":null}},"55":{"start":{"line":61,"column":27},"end":{"line":61,"column":null}},"56":{"start":{"line":61,"column":11},"end":{"line":61,"column":27}},"57":{"start":{"line":62,"column":4},"end":{"line":62,"column":23}},"58":{"start":{"line":66,"column":0},"end":{"line":66,"column":17}},"59":{"start":{"line":67,"column":0},"end":{"line":67,"column":49}},"60":{"start":{"line":69,"column":0},"end":{"line":69,"column":19}}},"fnMap":{"0":{"name":"(anonymous_13)","decl":{"start":{"line":39,"column":1},"end":{"line":39,"column":null}},"loc":{"start":{"line":39,"column":1},"end":{"line":64,"column":2}}},"1":{"name":"(anonymous_16)","decl":{"start":{"line":43,"column":45},"end":{"line":43,"column":46}},"loc":{"start":{"line":43,"column":46},"end":{"line":43,"column":51}}},"2":{"name":"(anonymous_17)","decl":{"start":{"line":55,"column":20},"end":{"line":55,"column":21}},"loc":{"start":{"line":55,"column":21},"end":{"line":55,"column":30}}}},"branchMap":{"0":{"loc":{"start":{"line":23,"column":0},"end":{"line":25,"column":null}},"type":"if","locations":[{"start":{"line":23,"column":0},"end":{"line":25,"column":null}},{"start":{"line":23,"column":0},"end":{"line":25,"column":null}}]},"1":{"loc":{"start":{"line":53,"column":20},"end":{"line":53,"column":null}},"type":"switch","locations":[{"start":{"line":53,"column":20},"end":{"line":53,"column":null}},{"start":{"line":59,"column":2},"end":{"line":59,"column":27}}]},"2":{"loc":{"start":{"line":43,"column":6},"end":{"line":43,"column":8}},"type":"if","locations":[{"start":{"line":43,"column":6},"end":{"line":43,"column":8}},{"start":{"line":43,"column":6},"end":{"line":43,"column":8}}]},"3":{"loc":{"start":{"line":61,"column":27},"end":{"line":61,"column":null}},"type":"if","locations":[{"start":{"line":61,"column":27},"end":{"line":61,"column":null}},{"start":{"line":61,"column":27},"end":{"line":61,"column":null}}]}},"s":{"0":0,"1":0,"2":0,"3":0,"4":0,"5":0,"6":0,"7":0,"8":0,"9":0,"10":0,"11":0,"12":0,"13":0,"14":0,"15":0,"16":0,"17":0,"18":0,"19":0,"20":0,"21":0,"22":0,"23":0,"24":0,"25":0,"26":0,"27":0,"28":0,"29":0,"30":0,"31":0,"32":0,"33":0,"34":0,"35":0,"36":0,"37":0,"38":0,"39":0,"40":0,"41":0,"42":0,"43":0,"44":0,"45":0,"46":0,"47":0,"48":0,"49":0,"50":0,"51":0,"52":0,"53":0,"54":0,"55":0,"56":0,"57":0,"58":0,"59":0,"60":0},"f":{"0":0,"1":0,"2":0},"b":{"0":[0,0],"1":[0,0],"2":[0,0],"3":[0,0]}}
,"/Volumes/Data/Projects/ownzones-test/src/config.ts": {"path":"/Volumes/Data/Projects/ownzones-test/src/config.ts","statementMap":{"0":{"start":{"line":1,"column":0},"end":{"line":1,"column":49}},"1":{"start":{"line":2,"column":0},"end":{"line":2,"column":48}}},"fnMap":{},"branchMap":{},"s":{"0":0,"1":0},"f":{},"b":{}}
,"/Volumes/Data/Projects/ownzones-test/src/controller/ImageController.ts": {"path":"/Volumes/Data/Projects/ownzones-test/src/controller/ImageController.ts","statementMap":{"0":{"start":{"line":4,"column":0},"end":{"line":4,"column":40}},"1":{"start":{"line":5,"column":0},"end":{"line":5,"column":55}},"2":{"start":{"line":6,"column":0},"end":{"line":6,"column":56}},"3":{"start":{"line":7,"column":0},"end":{"line":7,"column":74}},"4":{"start":{"line":8,"column":0},"end":{"line":8,"column":51}},"5":{"start":{"line":9,"column":0},"end":{"line":9,"column":54}},"6":{"start":{"line":16,"column":0},"end":{"line":16,"column":null}},"7":{"start":{"line":22,"column":4},"end":{"line":22,"column":19}},"8":{"start":{"line":23,"column":4},"end":{"line":23,"column":17}},"9":{"start":{"line":26,"column":15},"end":{"line":28,"column":null}},"10":{"start":{"line":26,"column":19},"end":{"line":26,"column":33}},"11":{"start":{"line":27,"column":4},"end":{"line":27,"column":47}},"12":{"start":{"line":30,"column":15},"end":{"line":44,"column":null}},"13":{"start":{"line":31,"column":4},"end":{"line":43,"column":8}},"14":{"start":{"line":31,"column":94},"end":{"line":43,"column":6}},"15":{"start":{"line":34,"column":8},"end":{"line":34,"column":39}},"16":{"start":{"line":35,"column":8},"end":{"line":35,"column":79}},"17":{"start":{"line":36,"column":14},"end":{"line":36,"column":47}},"18":{"start":{"line":37,"column":8},"end":{"line":37,"column":40}},"19":{"start":{"line":38,"column":8},"end":{"line":38,"column":52}},"20":{"start":{"line":40,"column":14},"end":{"line":40,"column":45}},"21":{"start":{"line":41,"column":8},"end":{"line":41,"column":40}},"22":{"start":{"line":46,"column":15},"end":{"line":59,"column":null}},"23":{"start":{"line":47,"column":4},"end":{"line":58,"column":8}},"24":{"start":{"line":47,"column":84},"end":{"line":58,"column":6}},"25":{"start":{"line":49,"column":8},"end":{"line":49,"column":31}},"26":{"start":{"line":50,"column":8},"end":{"line":50,"column":96}},"27":{"start":{"line":51,"column":14},"end":{"line":51,"column":47}},"28":{"start":{"line":52,"column":8},"end":{"line":52,"column":57}},"29":{"start":{"line":53,"column":8},"end":{"line":53,"column":52}},"30":{"start":{"line":55,"column":14},"end":{"line":55,"column":45}},"31":{"start":{"line":56,"column":8},"end":{"line":56,"column":40}},"32":{"start":{"line":60,"column":0},"end":{"line":60,"column":null}},"33":{"start":{"line":62,"column":0},"end":{"line":62,"column":31}}},"fnMap":{"0":{"name":"(anonymous_13)","decl":{"start":{"line":16,"column":0},"end":{"line":16,"column":null}},"loc":{"start":{"line":16,"column":0},"end":{"line":60,"column":null}}},"1":{"name":"ImageController","decl":{"start":{"line":21,"column":2},"end":{"line":21,"column":14}},"loc":{"start":{"line":21,"column":56},"end":{"line":24,"column":3}}},"2":{"name":"(anonymous_15)","decl":{"start":{"line":26,"column":2},"end":{"line":26,"column":15}},"loc":{"start":{"line":26,"column":2},"end":{"line":28,"column":null}}},"3":{"name":"(anonymous_18)","decl":{"start":{"line":30,"column":2},"end":{"line":30,"column":15}},"loc":{"start":{"line":30,"column":36},"end":{"line":44,"column":null}}},"4":{"name":"(anonymous_21)","decl":{"start":{"line":31,"column":51},"end":{"line":31,"column":58}},"loc":{"start":{"line":31,"column":94},"end":{"line":43,"column":6}}},"5":{"name":"(anonymous_22)","decl":{"start":{"line":31,"column":94},"end":{"line":31,"column":null}},"loc":{"start":{"line":31,"column":94},"end":{"line":43,"column":6}}},"6":{"name":"(anonymous_24)","decl":{"start":{"line":46,"column":2},"end":{"line":46,"column":15}},"loc":{"start":{"line":46,"column":38},"end":{"line":59,"column":null}}},"7":{"name":"(anonymous_27)","decl":{"start":{"line":47,"column":50},"end":{"line":47,"column":57}},"loc":{"start":{"line":47,"column":84},"end":{"line":58,"column":6}}},"8":{"name":"(anonymous_28)","decl":{"start":{"line":47,"column":84},"end":{"line":47,"column":null}},"loc":{"start":{"line":47,"column":84},"end":{"line":58,"column":6}}}},"branchMap":{"0":{"loc":{"start":{"line":40,"column":21},"end":{"line":40,"column":37}},"type":"binary-expr","locations":[{"start":{"line":40,"column":21},"end":{"line":40,"column":37}},{"start":{"line":40,"column":41},"end":{"line":40,"column":44}}]},"1":{"loc":{"start":{"line":55,"column":21},"end":{"line":55,"column":37}},"type":"binary-expr","locations":[{"start":{"line":55,"column":21},"end":{"line":55,"column":37}},{"start":{"line":55,"column":41},"end":{"line":55,"column":44}}]}},"s":{"0":0,"1":0,"2":0,"3":0,"4":0,"5":0,"6":0,"7":0,"8":0,"9":0,"10":0,"11":0,"12":0,"13":0,"14":0,"15":0,"16":0,"17":0,"18":0,"19":0,"20":0,"21":0,"22":0,"23":0,"24":0,"25":0,"26":0,"27":0,"28":0,"29":0,"30":0,"31":0,"32":0,"33":0},"f":{"0":0,"1":0,"2":0,"3":0,"4":0,"5":0,"6":0,"7":0,"8":0},"b":{"0":[0,0],"1":[0,0]}}
,"/Volumes/Data/Projects/ownzones-test/src/error/Error.ts": {"path":"/Volumes/Data/Projects/ownzones-test/src/error/Error.ts","statementMap":{"0":{"start":{"line":1,"column":0},"end":{"line":1,"column":null}},"1":{"start":{"line":1,"column":30},"end":{"line":1,"column":35}},"2":{"start":{"line":6,"column":4},"end":{"line":6,"column":null}},"3":{"start":{"line":7,"column":4},"end":{"line":7,"column":33}},"4":{"start":{"line":8,"column":4},"end":{"line":8,"column":27}},"5":{"start":{"line":10,"column":0},"end":{"line":10,"column":null}},"6":{"start":{"line":1,"column":13},"end":{"line":1,"column":21}}},"fnMap":{"0":{"name":"(anonymous_6)","decl":{"start":{"line":1,"column":0},"end":{"line":1,"column":13}},"loc":{"start":{"line":1,"column":0},"end":{"line":10,"column":null}}},"1":{"name":"ApiError","decl":{"start":{"line":5,"column":2},"end":{"line":5,"column":14}},"loc":{"start":{"line":5,"column":33},"end":{"line":9,"column":3}}}},"branchMap":{"0":{"loc":{"start":{"line":6,"column":4},"end":{"line":6,"column":18}},"type":"binary-expr","locations":[{"start":{"line":6,"column":4},"end":{"line":6,"column":18}},{"start":{"line":6,"column":18},"end":{"line":6,"column":null}}]}},"s":{"0":1,"1":1,"2":1,"3":1,"4":1,"5":1,"6":1},"f":{"0":1,"1":1},"b":{"0":[1,0]}}
,"/Volumes/Data/Projects/ownzones-test/src/model/Image.ts": {"path":"/Volumes/Data/Projects/ownzones-test/src/model/Image.ts","statementMap":{"0":{"start":{"line":1,"column":0},"end":{"line":1,"column":26}},"1":{"start":{"line":2,"column":0},"end":{"line":2,"column":67}},"2":{"start":{"line":14,"column":0},"end":{"line":14,"column":null}},"3":{"start":{"line":14,"column":27},"end":{"line":14,"column":37}},"4":{"start":{"line":27,"column":4},"end":{"line":27,"column":null}},"5":{"start":{"line":14,"column":13},"end":{"line":14,"column":27}},"6":{"start":{"line":30,"column":9},"end":{"line":35,"column":null}},"7":{"start":{"line":31,"column":24},"end":{"line":31,"column":35}},"8":{"start":{"line":32,"column":4},"end":{"line":32,"column":44}},"9":{"start":{"line":33,"column":4},"end":{"line":33,"column":34}},"10":{"start":{"line":34,"column":4},"end":{"line":34,"column":23}},"11":{"start":{"line":17,"column":2},"end":{"line":17,"column":null}},"12":{"start":{"line":21,"column":2},"end":{"line":21,"column":null}},"13":{"start":{"line":24,"column":2},"end":{"line":24,"column":null}},"14":{"start":{"line":14,"column":13},"end":{"line":36,"column":null}},"15":{"start":{"line":36,"column":0},"end":{"line":36,"column":null}},"16":{"start":{"line":14,"column":13},"end":{"line":14,"column":18}}},"fnMap":{"0":{"name":"(anonymous_8)","decl":{"start":{"line":14,"column":0},"end":{"line":14,"column":13}},"loc":{"start":{"line":14,"column":0},"end":{"line":14,"column":13}}},"1":{"name":"Image","decl":{"start":{"line":26,"column":2},"end":{"line":26,"column":null}},"loc":{"start":{"line":26,"column":2},"end":{"line":28,"column":3}}},"2":{"name":"(anonymous_10)","decl":{"start":{"line":30,"column":2},"end":{"line":30,"column":9}},"loc":{"start":{"line":30,"column":29},"end":{"line":35,"column":3}}}},"branchMap":{"0":{"loc":{"start":{"line":27,"column":4},"end":{"line":27,"column":11}},"type":"binary-expr","locations":[{"start":{"line":27,"column":4},"end":{"line":27,"column":11}},{"start":{"line":27,"column":11},"end":{"line":27,"column":null}}]}},"s":{"0":1,"1":1,"2":1,"3":1,"4":1,"5":1,"6":1,"7":0,"8":0,"9":0,"10":0,"11":1,"12":1,"13":1,"14":1,"15":1,"16":1},"f":{"0":1,"1":1,"2":0},"b":{"0":[1,1]}}
,"/Volumes/Data/Projects/ownzones-test/src/model/index.ts": {"path":"/Volumes/Data/Projects/ownzones-test/src/model/index.ts","statementMap":{"0":{"start":{"line":1,"column":0},"end":{"line":1,"column":8}},"1":{"start":{"line":1,"column":8},"end":{"line":1,"column":38}}},"fnMap":{},"branchMap":{},"s":{"0":1,"1":1},"f":{},"b":{}}
,"/Volumes/Data/Projects/ownzones-test/src/orm/index.ts": {"path":"/Volumes/Data/Projects/ownzones-test/src/orm/index.ts","statementMap":{"0":{"start":{"line":1,"column":0},"end":{"line":1,"column":26}},"1":{"start":{"line":2,"column":0},"end":{"line":2,"column":41}},"2":{"start":{"line":3,"column":0},"end":{"line":3,"column":37}},"3":{"start":{"line":4,"column":0},"end":{"line":11,"column":38}},"4":{"start":{"line":4,"column":40},"end":{"line":11,"column":2}},"5":{"start":{"line":6,"column":4},"end":{"line":6,"column":61}},"6":{"start":{"line":8,"column":4},"end":{"line":8,"column":41}},"7":{"start":{"line":9,"column":4},"end":{"line":9,"column":29}},"8":{"start":{"line":10,"column":4},"end":{"line":10,"column":28}},"9":{"start":{"line":11,"column":18},"end":{"line":11,"column":37}}},"fnMap":{"0":{"name":"(anonymous_13)","decl":{"start":{"line":4,"column":24},"end":{"line":4,"column":30}},"loc":{"start":{"line":4,"column":40},"end":{"line":11,"column":2}}},"1":{"name":"(anonymous_14)","decl":{"start":{"line":4,"column":40},"end":{"line":4,"column":null}},"loc":{"start":{"line":4,"column":40},"end":{"line":11,"column":2}}},"2":{"name":"(anonymous_16)","decl":{"start":{"line":11,"column":9},"end":{"line":11,"column":14}},"loc":{"start":{"line":11,"column":14},"end":{"line":11,"column":25}}}},"branchMap":{},"s":{"0":0,"1":0,"2":0,"3":0,"4":0,"5":0,"6":0,"7":0,"8":0,"9":0},"f":{"0":0,"1":0,"2":0},"b":{}}
,"/Volumes/Data/Projects/ownzones-test/src/orm/entity/Image.ts": {"path":"/Volumes/Data/Projects/ownzones-test/src/orm/entity/Image.ts","statementMap":{"0":{"start":{"line":1,"column":0},"end":{"line":1,"column":62}},"1":{"start":{"line":4,"column":0},"end":{"line":4,"column":13}},"2":{"start":{"line":6,"column":2},"end":{"line":6,"column":null}},"3":{"start":{"line":10,"column":2},"end":{"line":10,"column":null}},"4":{"start":{"line":13,"column":2},"end":{"line":13,"column":null}},"5":{"start":{"line":4,"column":13},"end":{"line":14,"column":null}},"6":{"start":{"line":14,"column":0},"end":{"line":14,"column":null}},"7":{"start":{"line":4,"column":13},"end":{"line":4,"column":18}}},"fnMap":{"0":{"name":"(anonymous_2)","decl":{"start":{"line":4,"column":0},"end":{"line":4,"column":13}},"loc":{"start":{"line":4,"column":0},"end":{"line":4,"column":13}}}},"branchMap":{},"s":{"0":0,"1":0,"2":0,"3":0,"4":0,"5":0,"6":0,"7":0},"f":{"0":0},"b":{}}
,"/Volumes/Data/Projects/ownzones-test/src/route/ImageRoute.ts": {"path":"/Volumes/Data/Projects/ownzones-test/src/route/ImageRoute.ts","statementMap":{"0":{"start":{"line":1,"column":0},"end":{"line":1,"column":60}},"1":{"start":{"line":8,"column":27},"end":{"line":8,"column":55}},"2":{"start":{"line":10,"column":2},"end":{"line":13,"column":4}},"3":{"start":{"line":11,"column":49},"end":{"line":11,"column":54}},"4":{"start":{"line":12,"column":58},"end":{"line":12,"column":63}},"5":{"start":{"line":6,"column":0},"end":{"line":6,"column":25}}},"fnMap":{"0":{"name":"default_1","decl":{"start":{"line":6,"column":0},"end":{"line":6,"column":25}},"loc":{"start":{"line":6,"column":67},"end":{"line":14,"column":1}}},"1":{"name":"(anonymous_1)","decl":{"start":{"line":11,"column":41},"end":{"line":11,"column":45}},"loc":{"start":{"line":11,"column":45},"end":{"line":11,"column":53}}},"2":{"name":"(anonymous_2)","decl":{"start":{"line":12,"column":50},"end":{"line":12,"column":54}},"loc":{"start":{"line":12,"column":54},"end":{"line":12,"column":62}}}},"branchMap":{},"s":{"0":0,"1":0,"2":0,"3":0,"4":0,"5":0},"f":{"0":0,"1":0,"2":0},"b":{}}
,"/Volumes/Data/Projects/ownzones-test/src/services/CacheProvider.ts": {"path":"/Volumes/Data/Projects/ownzones-test/src/services/CacheProvider.ts","statementMap":{"0":{"start":{"line":1,"column":0},"end":{"line":1,"column":21}},"1":{"start":{"line":5,"column":16},"end":{"line":10,"column":null}},"2":{"start":{"line":6,"column":4},"end":{"line":8,"column":null}},"3":{"start":{"line":7,"column":6},"end":{"line":7,"column":54}},"4":{"start":{"line":9,"column":4},"end":{"line":9,"column":30}},"5":{"start":{"line":3,"column":16},"end":{"line":3,"column":37}},"6":{"start":{"line":17,"column":0},"end":{"line":17,"column":null}},"7":{"start":{"line":1,"column":21},"end":{"line":1,"column":null}}},"fnMap":{"0":{"name":"(anonymous_0)","decl":{"start":{"line":1,"column":0},"end":{"line":1,"column":21}},"loc":{"start":{"line":1,"column":0},"end":{"line":1,"column":21}}},"1":{"name":"CacheProvider","decl":{"start":{"line":12,"column":2},"end":{"line":12,"column":null}},"loc":{"start":{"line":12,"column":2},"end":{"line":14,"column":3}}},"2":{"name":"(anonymous_2)","decl":{"start":{"line":5,"column":2},"end":{"line":5,"column":16}},"loc":{"start":{"line":5,"column":2},"end":{"line":10,"column":3}}}},"branchMap":{"0":{"loc":{"start":{"line":6,"column":4},"end":{"line":8,"column":null}},"type":"if","locations":[{"start":{"line":6,"column":4},"end":{"line":8,"column":null}},{"start":{"line":6,"column":4},"end":{"line":8,"column":null}}]}},"s":{"0":1,"1":1,"2":0,"3":0,"4":0,"5":1,"6":1,"7":1},"f":{"0":1,"1":0,"2":0},"b":{"0":[0,0]}}
,"/Volumes/Data/Projects/ownzones-test/src/services/ImageControllerHandler.ts": {"path":"/Volumes/Data/Projects/ownzones-test/src/services/ImageControllerHandler.ts","statementMap":{"0":{"start":{"line":1,"column":0},"end":{"line":1,"column":31}},"1":{"start":{"line":3,"column":0},"end":{"line":3,"column":13}},"2":{"start":{"line":4,"column":22},"end":{"line":7,"column":null}},"3":{"start":{"line":5,"column":10},"end":{"line":5,"column":47}},"4":{"start":{"line":6,"column":4},"end":{"line":6,"column":28}},"5":{"start":{"line":9,"column":17},"end":{"line":14,"column":null}},"6":{"start":{"line":10,"column":18},"end":{"line":10,"column":29}},"7":{"start":{"line":11,"column":4},"end":{"line":11,"column":57}},"8":{"start":{"line":12,"column":4},"end":{"line":12,"column":22}},"9":{"start":{"line":13,"column":4},"end":{"line":13,"column":17}},"10":{"start":{"line":15,"column":0},"end":{"line":15,"column":null}},"11":{"start":{"line":3,"column":13},"end":{"line":3,"column":35}}},"fnMap":{"0":{"name":"(anonymous_13)","decl":{"start":{"line":3,"column":0},"end":{"line":3,"column":13}},"loc":{"start":{"line":3,"column":0},"end":{"line":15,"column":null}}},"1":{"name":"(anonymous_15)","decl":{"start":{"line":4,"column":2},"end":{"line":4,"column":22}},"loc":{"start":{"line":4,"column":60},"end":{"line":7,"column":null}}},"2":{"name":"(anonymous_18)","decl":{"start":{"line":9,"column":2},"end":{"line":9,"column":17}},"loc":{"start":{"line":9,"column":47},"end":{"line":14,"column":3}}}},"branchMap":{},"s":{"0":1,"1":1,"2":1,"3":1,"4":2,"5":1,"6":1,"7":1,"8":1,"9":1,"10":1,"11":1},"f":{"0":1,"1":1,"2":1},"b":{}}
,"/Volumes/Data/Projects/ownzones-test/src/services/asyncWrapper.ts": {"path":"/Volumes/Data/Projects/ownzones-test/src/services/asyncWrapper.ts","statementMap":{"0":{"start":{"line":2,"column":2},"end":{"line":4,"column":4}},"1":{"start":{"line":3,"column":4},"end":{"line":3,"column":35}},"2":{"start":{"line":1,"column":0},"end":{"line":1,"column":16}}},"fnMap":{"0":{"name":"wrapAsync","decl":{"start":{"line":1,"column":16},"end":{"line":1,"column":25}},"loc":{"start":{"line":1,"column":28},"end":{"line":5,"column":1}}},"1":{"name":"(anonymous_1)","decl":{"start":{"line":2,"column":9},"end":{"line":2,"column":19}},"loc":{"start":{"line":2,"column":33},"end":{"line":4,"column":3}}}},"branchMap":{},"s":{"0":0,"1":0,"2":0},"f":{"0":0,"1":0},"b":{}}
,"/Volumes/Data/Projects/ownzones-test/src/services/cacheErrorHandler.ts": {"path":"/Volumes/Data/Projects/ownzones-test/src/services/cacheErrorHandler.ts","statementMap":{"0":{"start":{"line":2,"column":0},"end":{"line":2,"column":139}},"1":{"start":{"line":3,"column":0},"end":{"line":3,"column":44}},"2":{"start":{"line":6,"column":2},"end":{"line":22,"column":null}},"3":{"start":{"line":7,"column":4},"end":{"line":13,"column":null}},"4":{"start":{"line":8,"column":6},"end":{"line":8,"column":54}},"5":{"start":{"line":9,"column":11},"end":{"line":13,"column":null}},"6":{"start":{"line":10,"column":6},"end":{"line":10,"column":42}},"7":{"start":{"line":12,"column":6},"end":{"line":12,"column":13}},"8":{"start":{"line":14,"column":9},"end":{"line":22,"column":null}},"9":{"start":{"line":15,"column":4},"end":{"line":19,"column":null}},"10":{"start":{"line":16,"column":6},"end":{"line":16,"column":51}},"11":{"start":{"line":18,"column":6},"end":{"line":18,"column":13}},"12":{"start":{"line":21,"column":4},"end":{"line":21,"column":11}},"13":{"start":{"line":5,"column":0},"end":{"line":5,"column":16}}},"fnMap":{"0":{"name":"cacheErrorHandler","decl":{"start":{"line":5,"column":16},"end":{"line":5,"column":33}},"loc":{"start":{"line":5,"column":81},"end":{"line":23,"column":1}}}},"branchMap":{"0":{"loc":{"start":{"line":6,"column":2},"end":{"line":22,"column":null}},"type":"if","locations":[{"start":{"line":6,"column":2},"end":{"line":22,"column":null}},{"start":{"line":6,"column":2},"end":{"line":22,"column":null}}]},"1":{"loc":{"start":{"line":7,"column":4},"end":{"line":13,"column":null}},"type":"if","locations":[{"start":{"line":7,"column":4},"end":{"line":13,"column":null}},{"start":{"line":7,"column":4},"end":{"line":13,"column":null}}]},"2":{"loc":{"start":{"line":9,"column":11},"end":{"line":13,"column":null}},"type":"if","locations":[{"start":{"line":9,"column":11},"end":{"line":13,"column":null}},{"start":{"line":9,"column":11},"end":{"line":13,"column":null}}]},"3":{"loc":{"start":{"line":14,"column":9},"end":{"line":22,"column":null}},"type":"if","locations":[{"start":{"line":14,"column":9},"end":{"line":22,"column":null}},{"start":{"line":14,"column":9},"end":{"line":22,"column":null}}]},"4":{"loc":{"start":{"line":15,"column":4},"end":{"line":19,"column":null}},"type":"if","locations":[{"start":{"line":15,"column":4},"end":{"line":19,"column":null}},{"start":{"line":15,"column":4},"end":{"line":19,"column":null}}]}},"s":{"0":1,"1":1,"2":1,"3":1,"4":1,"5":0,"6":0,"7":0,"8":0,"9":0,"10":0,"11":0,"12":0,"13":1},"f":{"0":1},"b":{"0":[1,0],"1":[1,0],"2":[0,0],"3":[0,0],"4":[0,0]}}
,"/Volumes/Data/Projects/ownzones-test/src/services/errorHandler.ts": {"path":"/Volumes/Data/Projects/ownzones-test/src/services/errorHandler.ts","statementMap":{"0":{"start":{"line":2,"column":2},"end":{"line":6,"column":53}},"1":{"start":{"line":1,"column":0},"end":{"line":1,"column":16}}},"fnMap":{"0":{"name":"errorHandler","decl":{"start":{"line":1,"column":16},"end":{"line":1,"column":28}},"loc":{"start":{"line":1,"column":48},"end":{"line":7,"column":1}}}},"branchMap":{"0":{"loc":{"start":{"line":3,"column":29},"end":{"line":3,"column":43}},"type":"cond-expr","locations":[{"start":{"line":3,"column":29},"end":{"line":3,"column":43}},{"start":{"line":3,"column":46},"end":{"line":3,"column":49}}]},"1":{"loc":{"start":{"line":5,"column":6},"end":{"line":5,"column":45}},"type":"cond-expr","locations":[{"start":{"line":5,"column":6},"end":{"line":5,"column":45}},{"start":{"line":6,"column":6},"end":{"line":6,"column":51}}]}},"s":{"0":0,"1":0},"f":{"0":0},"b":{"0":[0,0],"1":[0,0]}}
,"/Volumes/Data/Projects/ownzones-test/src/services/errorHandlingFunctions.ts": {"path":"/Volumes/Data/Projects/ownzones-test/src/services/errorHandlingFunctions.ts","statementMap":{"0":{"start":{"line":2,"column":0},"end":{"line":2,"column":40}},"1":{"start":{"line":5,"column":2},"end":{"line":5,"column":83}},"2":{"start":{"line":4,"column":0},"end":{"line":4,"column":16}},"3":{"start":{"line":9,"column":2},"end":{"line":9,"column":80}},"4":{"start":{"line":8,"column":0},"end":{"line":8,"column":16}},"5":{"start":{"line":13,"column":2},"end":{"line":13,"column":68}},"6":{"start":{"line":12,"column":0},"end":{"line":12,"column":16}}},"fnMap":{"0":{"name":"addErrorForExistingNameAndResolution","decl":{"start":{"line":4,"column":16},"end":{"line":4,"column":52}},"loc":{"start":{"line":4,"column":85},"end":{"line":6,"column":1}}},"1":{"name":"addImageNotUploadedError","decl":{"start":{"line":8,"column":16},"end":{"line":8,"column":40}},"loc":{"start":{"line":8,"column":73},"end":{"line":10,"column":1}}},"2":{"name":"addImageWithSameNameExistingError","decl":{"start":{"line":12,"column":16},"end":{"line":12,"column":49}},"loc":{"start":{"line":12,"column":82},"end":{"line":14,"column":1}}}},"branchMap":{},"s":{"0":1,"1":1,"2":1,"3":0,"4":1,"5":0,"6":1},"f":{"0":1,"1":0,"2":0},"b":{}}
,"/Volumes/Data/Projects/ownzones-test/src/services/fileServices.ts": {"path":"/Volumes/Data/Projects/ownzones-test/src/services/fileServices.ts","statementMap":{"0":{"start":{"line":1,"column":0},"end":{"line":1,"column":29}},"1":{"start":{"line":2,"column":0},"end":{"line":2,"column":25}},"2":{"start":{"line":4,"column":13},"end":{"line":13,"column":2}},"3":{"start":{"line":6,"column":25},"end":{"line":6,"column":47}},"4":{"start":{"line":7,"column":2},"end":{"line":11,"column":5}},"5":{"start":{"line":8,"column":4},"end":{"line":10,"column":null}},"6":{"start":{"line":9,"column":6},"end":{"line":9,"column":27}},"7":{"start":{"line":12,"column":2},"end":{"line":12,"column":26}},"8":{"start":{"line":14,"column":13},"end":{"line":30,"column":3}},"9":{"start":{"line":14,"column":44},"end":{"line":30,"column":3}},"10":{"start":{"line":16,"column":2},"end":{"line":29,"column":null}},"11":{"start":{"line":17,"column":4},"end":{"line":17,"column":25}},"12":{"start":{"line":18,"column":4},"end":{"line":26,"column":7}},"13":{"start":{"line":19,"column":6},"end":{"line":19,"column":44}},"14":{"start":{"line":20,"column":22},"end":{"line":20,"column":80}},"15":{"start":{"line":21,"column":6},"end":{"line":21,"column":48}},"16":{"start":{"line":22,"column":6},"end":{"line":22,"column":25}},"17":{"start":{"line":23,"column":6},"end":{"line":25,"column":9}},"18":{"start":{"line":24,"column":8},"end":{"line":24,"column":18}},"19":{"start":{"line":28,"column":4},"end":{"line":28,"column":13}}},"fnMap":{"0":{"name":"(anonymous_0)","decl":{"start":{"line":4,"column":35},"end":{"line":4,"column":36}},"loc":{"start":{"line":4,"column":52},"end":{"line":13,"column":1}}},"1":{"name":"(anonymous_1)","decl":{"start":{"line":7,"column":25},"end":{"line":7,"column":26}},"loc":{"start":{"line":7,"column":26},"end":{"line":11,"column":3}}},"2":{"name":"(anonymous_2)","decl":{"start":{"line":14,"column":30},"end":{"line":14,"column":31}},"loc":{"start":{"line":14,"column":39},"end":{"line":14,"column":48}}},"3":{"name":"(anonymous_3)","decl":{"start":{"line":14,"column":56},"end":{"line":14,"column":57}},"loc":{"start":{"line":14,"column":72},"end":{"line":30,"column":1}}},"4":{"name":"(anonymous_4)","decl":{"start":{"line":18,"column":26},"end":{"line":18,"column":36}},"loc":{"start":{"line":18,"column":61},"end":{"line":26,"column":5}}},"5":{"name":"(anonymous_5)","decl":{"start":{"line":23,"column":26},"end":{"line":23,"column":null}},"loc":{"start":{"line":23,"column":26},"end":{"line":25,"column":7}}}},"branchMap":{"0":{"loc":{"start":{"line":8,"column":4},"end":{"line":10,"column":null}},"type":"if","locations":[{"start":{"line":8,"column":4},"end":{"line":10,"column":null}},{"start":{"line":8,"column":4},"end":{"line":10,"column":null}}]}},"s":{"0":0,"1":0,"2":0,"3":0,"4":0,"5":0,"6":0,"7":0,"8":0,"9":0,"10":0,"11":0,"12":0,"13":0,"14":0,"15":0,"16":0,"17":0,"18":0,"19":0},"f":{"0":0,"1":0,"2":0,"3":0,"4":0,"5":0},"b":{"0":[0,0]}}
,"/Volumes/Data/Projects/ownzones-test/src/services/resizeServices.ts": {"path":"/Volumes/Data/Projects/ownzones-test/src/services/resizeServices.ts","statementMap":{"0":{"start":{"line":2,"column":0},"end":{"line":2,"column":29}},"1":{"start":{"line":3,"column":0},"end":{"line":3,"column":25}},"2":{"start":{"line":4,"column":0},"end":{"line":4,"column":31}},"3":{"start":{"line":5,"column":0},"end":{"line":5,"column":51}},"4":{"start":{"line":7,"column":13},"end":{"line":11,"column":2}},"5":{"start":{"line":8,"column":16},"end":{"line":8,"column":38}},"6":{"start":{"line":9,"column":17},"end":{"line":9,"column":39}},"7":{"start":{"line":10,"column":2},"end":{"line":10,"column":25}},"8":{"start":{"line":13,"column":13},"end":{"line":21,"column":2}},"9":{"start":{"line":13,"column":46},"end":{"line":21,"column":2}},"10":{"start":{"line":14,"column":6},"end":{"line":14,"column":83}},"11":{"start":{"line":15,"column":8},"end":{"line":15,"column":42}},"12":{"start":{"line":16,"column":8},"end":{"line":16,"column":26}},"13":{"start":{"line":17,"column":8},"end":{"line":17,"column":42}},"14":{"start":{"line":18,"column":8},"end":{"line":18,"column":63}},"15":{"start":{"line":19,"column":8},"end":{"line":19,"column":59}},"16":{"start":{"line":20,"column":2},"end":{"line":20,"column":98}}},"fnMap":{"0":{"name":"(anonymous_13)","decl":{"start":{"line":7,"column":29},"end":{"line":7,"column":30}},"loc":{"start":{"line":7,"column":45},"end":{"line":11,"column":1}}},"1":{"name":"(anonymous_14)","decl":{"start":{"line":13,"column":27},"end":{"line":13,"column":34}},"loc":{"start":{"line":13,"column":46},"end":{"line":21,"column":2}}},"2":{"name":"(anonymous_15)","decl":{"start":{"line":13,"column":46},"end":{"line":13,"column":null}},"loc":{"start":{"line":13,"column":46},"end":{"line":21,"column":2}}}},"branchMap":{},"s":{"0":0,"1":0,"2":0,"3":0,"4":0,"5":0,"6":0,"7":0,"8":0,"9":0,"10":0,"11":0,"12":0,"13":0,"14":0,"15":0,"16":0},"f":{"0":0,"1":0,"2":0},"b":{}}
,"/Volumes/Data/Projects/ownzones-test/src/utils/sqldb/client.ts": {"path":"/Volumes/Data/Projects/ownzones-test/src/utils/sqldb/client.ts","statementMap":{"0":{"start":{"line":2,"column":0},"end":{"line":2,"column":47}},"1":{"start":{"line":5,"column":0},"end":{"line":5,"column":13}},"2":{"start":{"line":9,"column":2},"end":{"line":9,"column":21}},"3":{"start":{"line":9,"column":21},"end":{"line":9,"column":76}},"4":{"start":{"line":10,"column":4},"end":{"line":13,"column":7}},"5":{"start":{"line":11,"column":6},"end":{"line":11,"column":27}},"6":{"start":{"line":12,"column":6},"end":{"line":12,"column":32}},"7":{"start":{"line":16,"column":9},"end":{"line":25,"column":null}},"8":{"start":{"line":16,"column":2},"end":{"line":16,"column":9}},"9":{"start":{"line":17,"column":4},"end":{"line":24,"column":7}},"10":{"start":{"line":18,"column":6},"end":{"line":23,"column":null}},"11":{"start":{"line":19,"column":8},"end":{"line":19,"column":74}},"12":{"start":{"line":20,"column":8},"end":{"line":20,"column":56}},"13":{"start":{"line":22,"column":8},"end":{"line":22,"column":25}},"14":{"start":{"line":27,"column":9},"end":{"line":35,"column":null}},"15":{"start":{"line":27,"column":2},"end":{"line":27,"column":9}},"16":{"start":{"line":28,"column":4},"end":{"line":34,"column":7}},"17":{"start":{"line":29,"column":6},"end":{"line":33,"column":null}},"18":{"start":{"line":30,"column":8},"end":{"line":30,"column":66}},"19":{"start":{"line":32,"column":8},"end":{"line":32,"column":25}},"20":{"start":{"line":37,"column":9},"end":{"line":45,"column":null}},"21":{"start":{"line":37,"column":2},"end":{"line":37,"column":9}},"22":{"start":{"line":38,"column":4},"end":{"line":44,"column":7}},"23":{"start":{"line":39,"column":6},"end":{"line":43,"column":null}},"24":{"start":{"line":40,"column":8},"end":{"line":40,"column":64}},"25":{"start":{"line":42,"column":8},"end":{"line":42,"column":25}},"26":{"start":{"line":47,"column":9},"end":{"line":58,"column":null}},"27":{"start":{"line":47,"column":2},"end":{"line":47,"column":9}},"28":{"start":{"line":48,"column":19},"end":{"line":48,"column":40}},"29":{"start":{"line":49,"column":4},"end":{"line":57,"column":7}},"30":{"start":{"line":50,"column":6},"end":{"line":56,"column":null}},"31":{"start":{"line":51,"column":16},"end":{"line":51,"column":21}},"32":{"start":{"line":52,"column":8},"end":{"line":52,"column":50}},"33":{"start":{"line":53,"column":8},"end":{"line":53,"column":36}},"34":{"start":{"line":55,"column":8},"end":{"line":55,"column":25}},"35":{"start":{"line":60,"column":9},"end":{"line":69,"column":null}},"36":{"start":{"line":60,"column":2},"end":{"line":60,"column":9}},"37":{"start":{"line":61,"column":4},"end":{"line":68,"column":7}},"38":{"start":{"line":62,"column":6},"end":{"line":67,"column":null}},"39":{"start":{"line":63,"column":8},"end":{"line":63,"column":74}},"40":{"start":{"line":64,"column":8},"end":{"line":64,"column":70}},"41":{"start":{"line":66,"column":8},"end":{"line":66,"column":25}},"42":{"start":{"line":71,"column":9},"end":{"line":79,"column":null}},"43":{"start":{"line":71,"column":2},"end":{"line":71,"column":9}},"44":{"start":{"line":72,"column":4},"end":{"line":78,"column":7}},"45":{"start":{"line":73,"column":6},"end":{"line":77,"column":null}},"46":{"start":{"line":74,"column":8},"end":{"line":74,"column":56}},"47":{"start":{"line":76,"column":8},"end":{"line":76,"column":25}},"48":{"start":{"line":81,"column":9},"end":{"line":83,"column":null}},"49":{"start":{"line":82,"column":4},"end":{"line":82,"column":27}},"50":{"start":{"line":92,"column":0},"end":{"line":92,"column":null}},"51":{"start":{"line":5,"column":13},"end":{"line":5,"column":26}}},"fnMap":{"0":{"name":"(anonymous_0)","decl":{"start":{"line":5,"column":0},"end":{"line":5,"column":13}},"loc":{"start":{"line":5,"column":0},"end":{"line":92,"column":null}}},"1":{"name":"TypeORMCLient","decl":{"start":{"line":9,"column":2},"end":{"line":9,"column":21}},"loc":{"start":{"line":9,"column":76},"end":{"line":14,"column":3}}},"2":{"name":"(anonymous_2)","decl":{"start":{"line":10,"column":36},"end":{"line":10,"column":37}},"loc":{"start":{"line":10,"column":47},"end":{"line":13,"column":5}}},"3":{"name":"(anonymous_3)","decl":{"start":{"line":16,"column":2},"end":{"line":16,"column":9}},"loc":{"start":{"line":16,"column":64},"end":{"line":25,"column":3}}},"4":{"name":"(anonymous_4)","decl":{"start":{"line":17,"column":51},"end":{"line":17,"column":52}},"loc":{"start":{"line":17,"column":67},"end":{"line":24,"column":5}}},"5":{"name":"(anonymous_5)","decl":{"start":{"line":27,"column":2},"end":{"line":27,"column":9}},"loc":{"start":{"line":27,"column":39},"end":{"line":35,"column":3}}},"6":{"name":"(anonymous_6)","decl":{"start":{"line":28,"column":49},"end":{"line":28,"column":50}},"loc":{"start":{"line":28,"column":65},"end":{"line":34,"column":5}}},"7":{"name":"(anonymous_7)","decl":{"start":{"line":37,"column":2},"end":{"line":37,"column":9}},"loc":{"start":{"line":37,"column":39},"end":{"line":45,"column":3}}},"8":{"name":"(anonymous_8)","decl":{"start":{"line":38,"column":49},"end":{"line":38,"column":50}},"loc":{"start":{"line":38,"column":65},"end":{"line":44,"column":5}}},"9":{"name":"(anonymous_9)","decl":{"start":{"line":47,"column":2},"end":{"line":47,"column":9}},"loc":{"start":{"line":47,"column":72},"end":{"line":58,"column":3}}},"10":{"name":"(anonymous_10)","decl":{"start":{"line":49,"column":42},"end":{"line":49,"column":43}},"loc":{"start":{"line":49,"column":58},"end":{"line":57,"column":5}}},"11":{"name":"(anonymous_11)","decl":{"start":{"line":60,"column":2},"end":{"line":60,"column":9}},"loc":{"start":{"line":60,"column":83},"end":{"line":69,"column":3}}},"12":{"name":"(anonymous_12)","decl":{"start":{"line":61,"column":28},"end":{"line":61,"column":29}},"loc":{"start":{"line":61,"column":44},"end":{"line":68,"column":5}}},"13":{"name":"(anonymous_13)","decl":{"start":{"line":71,"column":2},"end":{"line":71,"column":9}},"loc":{"start":{"line":71,"column":40},"end":{"line":79,"column":3}}},"14":{"name":"(anonymous_14)","decl":{"start":{"line":72,"column":28},"end":{"line":72,"column":29}},"loc":{"start":{"line":72,"column":44},"end":{"line":78,"column":5}}},"15":{"name":"(anonymous_15)","decl":{"start":{"line":81,"column":2},"end":{"line":81,"column":9}},"loc":{"start":{"line":81,"column":2},"end":{"line":83,"column":3}}}},"branchMap":{"0":{"loc":{"start":{"line":19,"column":21},"end":{"line":19,"column":31}},"type":"binary-expr","locations":[{"start":{"line":19,"column":21},"end":{"line":19,"column":31}},{"start":{"line":19,"column":35},"end":{"line":19,"column":73}}]},"1":{"loc":{"start":{"line":52,"column":15},"end":{"line":52,"column":25}},"type":"binary-expr","locations":[{"start":{"line":52,"column":15},"end":{"line":52,"column":25}},{"start":{"line":52,"column":29},"end":{"line":52,"column":49}}]},"2":{"loc":{"start":{"line":63,"column":21},"end":{"line":63,"column":31}},"type":"binary-expr","locations":[{"start":{"line":63,"column":21},"end":{"line":63,"column":31}},{"start":{"line":63,"column":35},"end":{"line":63,"column":73}}]}},"s":{"0":0,"1":0,"2":0,"3":0,"4":0,"5":0,"6":0,"7":0,"8":0,"9":0,"10":0,"11":0,"12":0,"13":0,"14":0,"15":0,"16":0,"17":0,"18":0,"19":0,"20":0,"21":0,"22":0,"23":0,"24":0,"25":0,"26":0,"27":0,"28":0,"29":0,"30":0,"31":0,"32":0,"33":0,"34":0,"35":0,"36":0,"37":0,"38":0,"39":0,"40":0,"41":0,"42":0,"43":0,"44":0,"45":0,"46":0,"47":0,"48":0,"49":0,"50":0,"51":0},"f":{"0":0,"1":0,"2":0,"3":0,"4":0,"5":0,"6":0,"7":0,"8":0,"9":0,"10":0,"11":0,"12":0,"13":0,"14":0,"15":0},"b":{"0":[0,0],"1":[0,0],"2":[0,0]}}
,"/Volumes/Data/Projects/ownzones-test/src/utils/sqldb/connection.ts": {"path":"/Volumes/Data/Projects/ownzones-test/src/utils/sqldb/connection.ts","statementMap":{"0":{"start":{"line":1,"column":0},"end":{"line":1,"column":55}},"1":{"start":{"line":2,"column":0},"end":{"line":2,"column":34}},"2":{"start":{"line":4,"column":6},"end":{"line":4,"column":7}},"3":{"start":{"line":4,"column":7},"end":{"line":4,"column":14}},"4":{"start":{"line":4,"column":16},"end":{"line":4,"column":23}},"5":{"start":{"line":4,"column":25},"end":{"line":4,"column":32}},"6":{"start":{"line":4,"column":34},"end":{"line":4,"column":41}},"7":{"start":{"line":4,"column":43},"end":{"line":4,"column":50}},"8":{"start":{"line":4,"column":52},"end":{"line":4,"column":59}},"9":{"start":{"line":4,"column":61},"end":{"line":4,"column":91}},"10":{"start":{"line":6,"column":33},"end":{"line":20,"column":2}},"11":{"start":{"line":22,"column":0},"end":{"line":22,"column":13}},"12":{"start":{"line":25,"column":16},"end":{"line":33,"column":null}},"13":{"start":{"line":25,"column":2},"end":{"line":25,"column":16}},"14":{"start":{"line":26,"column":4},"end":{"line":32,"column":null}},"15":{"start":{"line":27,"column":6},"end":{"line":27,"column":29}},"16":{"start":{"line":29,"column":6},"end":{"line":31,"column":9}},"17":{"start":{"line":30,"column":8},"end":{"line":30,"column":31}},"18":{"start":{"line":35,"column":23},"end":{"line":43,"column":null}},"19":{"start":{"line":37,"column":6},"end":{"line":37,"column":11}},"20":{"start":{"line":37,"column":16},"end":{"line":37,"column":60}},"21":{"start":{"line":37,"column":6},"end":{"line":37,"column":60}},"22":{"start":{"line":38,"column":6},"end":{"line":38,"column":30}},"23":{"start":{"line":39,"column":6},"end":{"line":39,"column":29}},"24":{"start":{"line":41,"column":6},"end":{"line":41,"column":27}},"25":{"start":{"line":23,"column":17},"end":{"line":23,"column":46}},"26":{"start":{"line":44,"column":0},"end":{"line":44,"column":null}},"27":{"start":{"line":22,"column":13},"end":{"line":22,"column":30}}},"fnMap":{"0":{"name":"(anonymous_13)","decl":{"start":{"line":22,"column":0},"end":{"line":22,"column":13}},"loc":{"start":{"line":22,"column":0},"end":{"line":22,"column":13}}},"1":{"name":"(anonymous_15)","decl":{"start":{"line":25,"column":2},"end":{"line":25,"column":16}},"loc":{"start":{"line":25,"column":58},"end":{"line":33,"column":3}}},"2":{"name":"(anonymous_16)","decl":{"start":{"line":29,"column":19},"end":{"line":29,"column":20}},"loc":{"start":{"line":29,"column":34},"end":{"line":31,"column":7}}},"3":{"name":"(anonymous_17)","decl":{"start":{"line":35,"column":2},"end":{"line":35,"column":23}},"loc":{"start":{"line":35,"column":63},"end":{"line":43,"column":null}}}},"branchMap":{"0":{"loc":{"start":{"line":26,"column":4},"end":{"line":32,"column":null}},"type":"if","locations":[{"start":{"line":26,"column":4},"end":{"line":32,"column":null}},{"start":{"line":26,"column":4},"end":{"line":32,"column":null}}]}},"s":{"0":0,"1":0,"2":0,"3":0,"4":0,"5":0,"6":0,"7":0,"8":0,"9":0,"10":0,"11":0,"12":0,"13":0,"14":0,"15":0,"16":0,"17":0,"18":0,"19":0,"20":0,"21":0,"22":0,"23":0,"24":0,"25":0,"26":0,"27":0},"f":{"0":0,"1":0,"2":0,"3":0},"b":{"0":[0,0]}}
}
