TN:
SF:src/config.ts
FNF:0
FNH:0
DA:1,0
DA:2,0
LF:2
LH:0
BRF:0
BRH:0
end_of_record
TN:
SF:src/controller/ImageController.ts
FN:16,(anonymous_0)
FN:21,ImageController
FN:26,(anonymous_2)
FN:30,(anonymous_5)
FN:31,(anonymous_8)
FN:31,(anonymous_9)
FN:46,(anonymous_11)
FN:47,(anonymous_14)
FN:47,(anonymous_15)
FNF:9
FNH:0
FNDA:0,(anonymous_0)
FNDA:0,ImageController
FNDA:0,(anonymous_2)
FNDA:0,(anonymous_5)
FNDA:0,(anonymous_8)
FNDA:0,(anonymous_9)
FNDA:0,(anonymous_11)
FNDA:0,(anonymous_14)
FNDA:0,(anonymous_15)
DA:4,0
DA:5,0
DA:6,0
DA:7,0
DA:8,0
DA:9,0
DA:16,0
DA:22,0
DA:23,0
DA:26,0
DA:27,0
DA:30,0
DA:31,0
DA:34,0
DA:35,0
DA:36,0
DA:37,0
DA:38,0
DA:40,0
DA:41,0
DA:46,0
DA:47,0
DA:49,0
DA:50,0
DA:51,0
DA:52,0
DA:53,0
DA:55,0
DA:56,0
DA:60,0
DA:62,0
LF:31
LH:0
BRDA:40,0,0,0
BRDA:40,0,1,0
BRDA:55,1,0,0
BRDA:55,1,1,0
BRF:4
BRH:0
end_of_record
TN:
SF:src/error/Error.ts
FN:1,(anonymous_0)
FN:5,ApiError
FNF:2
FNH:0
FNDA:0,(anonymous_0)
FNDA:0,ApiError
DA:1,0
DA:6,0
DA:7,0
DA:8,0
DA:10,0
LF:5
LH:0
BRDA:6,0,0,0
BRDA:6,0,1,0
BRF:2
BRH:0
end_of_record
TN:
SF:src/model/Image.ts
FN:14,(anonymous_0)
FN:26,Image
FN:30,(anonymous_2)
FNF:3
FNH:0
FNDA:0,(anonymous_0)
FNDA:0,Image
FNDA:0,(anonymous_2)
DA:1,0
DA:2,0
DA:14,0
DA:17,0
DA:21,0
DA:24,0
DA:27,0
DA:30,0
DA:31,0
DA:32,0
DA:33,0
DA:34,0
DA:36,0
LF:13
LH:0
BRDA:27,0,0,0
BRDA:27,0,1,0
BRF:2
BRH:0
end_of_record
TN:
SF:src/model/index.ts
FNF:0
FNH:0
DA:1,0
LF:1
LH:0
BRF:0
BRH:0
end_of_record
TN:
SF:src/orm/index.ts
FN:4,(anonymous_0)
FN:4,(anonymous_1)
FN:11,(anonymous_3)
FNF:3
FNH:0
FNDA:0,(anonymous_0)
FNDA:0,(anonymous_1)
FNDA:0,(anonymous_3)
DA:1,0
DA:2,0
DA:3,0
DA:4,0
DA:6,0
DA:8,0
DA:9,0
DA:10,0
DA:11,0
LF:9
LH:0
BRF:0
BRH:0
end_of_record
TN:
SF:src/orm/entity/Image.ts
FN:4,(anonymous_0)
FNF:1
FNH:0
FNDA:0,(anonymous_0)
DA:1,0
DA:4,0
DA:6,0
DA:10,0
DA:13,0
DA:14,0
LF:6
LH:0
BRF:0
BRH:0
end_of_record
TN:
SF:src/route/ImageRoute.ts
FN:6,default_1
FN:11,(anonymous_1)
FN:12,(anonymous_2)
FNF:3
FNH:0
FNDA:0,default_1
FNDA:0,(anonymous_1)
FNDA:0,(anonymous_2)
DA:1,0
DA:6,0
DA:8,0
DA:10,0
DA:11,0
DA:12,0
LF:6
LH:0
BRF:0
BRH:0
end_of_record
TN:
SF:src/services/CacheProvider.ts
FN:1,(anonymous_0)
FN:12,CacheProvider
FN:5,(anonymous_2)
FNF:3
FNH:0
FNDA:0,(anonymous_0)
FNDA:0,CacheProvider
FNDA:0,(anonymous_2)
DA:1,0
DA:3,0
DA:5,0
DA:6,0
DA:7,0
DA:9,0
DA:17,0
LF:7
LH:0
BRDA:6,0,0,0
BRDA:6,0,1,0
BRF:2
BRH:0
end_of_record
TN:
SF:src/services/ImageControllerHandler.ts
FN:3,(anonymous_0)
FN:4,(anonymous_2)
FN:9,(anonymous_5)
FNF:3
FNH:0
FNDA:0,(anonymous_0)
FNDA:0,(anonymous_2)
FNDA:0,(anonymous_5)
DA:1,0
DA:3,0
DA:4,0
DA:5,0
DA:6,0
DA:9,0
DA:10,0
DA:11,0
DA:12,0
DA:13,0
DA:15,0
LF:11
LH:0
BRF:0
BRH:0
end_of_record
TN:
SF:src/services/asyncWrapper.ts
FN:1,wrapAsync
FN:2,(anonymous_1)
FNF:2
FNH:0
FNDA:0,wrapAsync
FNDA:0,(anonymous_1)
DA:1,0
DA:2,0
DA:3,0
LF:3
LH:0
BRF:0
BRH:0
end_of_record
TN:
SF:src/services/cacheErrorHandler.ts
FN:5,cacheErrorHandler
FNF:1
FNH:0
FNDA:0,cacheErrorHandler
DA:2,0
DA:3,0
DA:5,0
DA:6,0
DA:7,0
DA:8,0
DA:9,0
DA:10,0
DA:12,0
DA:14,0
DA:15,0
DA:16,0
DA:18,0
DA:21,0
LF:14
LH:0
BRDA:6,0,0,0
BRDA:6,0,1,0
BRDA:7,1,0,0
BRDA:7,1,1,0
BRDA:9,2,0,0
BRDA:9,2,1,0
BRDA:14,3,0,0
BRDA:14,3,1,0
BRDA:15,4,0,0
BRDA:15,4,1,0
BRF:10
BRH:0
end_of_record
TN:
SF:src/services/errorHandler.ts
FN:1,errorHandler
FNF:1
FNH:0
FNDA:0,errorHandler
DA:1,0
DA:2,0
LF:2
LH:0
BRDA:3,0,0,0
BRDA:3,0,1,0
BRDA:5,1,0,0
BRDA:5,1,1,0
BRF:4
BRH:0
end_of_record
TN:
SF:src/services/errorHandlingFunctions.ts
FN:4,addErrorForExistingNameAndResolution
FN:8,addImageNotUploadedError
FN:12,addImageWithSameNameExistingError
FNF:3
FNH:0
FNDA:0,addErrorForExistingNameAndResolution
FNDA:0,addImageNotUploadedError
FNDA:0,addImageWithSameNameExistingError
DA:2,0
DA:4,0
DA:5,0
DA:8,0
DA:9,0
DA:12,0
DA:13,0
LF:7
LH:0
BRF:0
BRH:0
end_of_record
TN:
SF:src/services/fileServices.ts
FN:4,(anonymous_0)
FN:7,(anonymous_1)
FN:14,(anonymous_2)
FN:14,(anonymous_3)
FN:18,(anonymous_4)
FN:23,(anonymous_5)
FNF:6
FNH:0
FNDA:0,(anonymous_0)
FNDA:0,(anonymous_1)
FNDA:0,(anonymous_2)
FNDA:0,(anonymous_3)
FNDA:0,(anonymous_4)
FNDA:0,(anonymous_5)
DA:1,0
DA:2,0
DA:4,0
DA:6,0
DA:7,0
DA:8,0
DA:9,0
DA:12,0
DA:14,0
DA:16,0
DA:17,0
DA:18,0
DA:19,0
DA:20,0
DA:21,0
DA:22,0
DA:23,0
DA:24,0
DA:28,0
LF:19
LH:0
BRDA:8,0,0,0
BRDA:8,0,1,0
BRF:2
BRH:0
end_of_record
TN:
SF:src/services/resizeServices.ts
FN:7,(anonymous_0)
FN:13,(anonymous_1)
FN:13,(anonymous_2)
FNF:3
FNH:0
FNDA:0,(anonymous_0)
FNDA:0,(anonymous_1)
FNDA:0,(anonymous_2)
DA:2,0
DA:3,0
DA:4,0
DA:5,0
DA:7,0
DA:8,0
DA:9,0
DA:10,0
DA:13,0
DA:14,0
DA:15,0
DA:16,0
DA:17,0
DA:18,0
DA:19,0
DA:20,0
LF:16
LH:0
BRF:0
BRH:0
end_of_record
TN:
SF:src/utils/sqldb/client.ts
FN:5,(anonymous_0)
FN:9,TypeORMCLient
FN:10,(anonymous_2)
FN:16,(anonymous_3)
FN:17,(anonymous_4)
FN:27,(anonymous_5)
FN:28,(anonymous_6)
FN:37,(anonymous_7)
FN:38,(anonymous_8)
FN:47,(anonymous_9)
FN:49,(anonymous_10)
FN:60,(anonymous_11)
FN:61,(anonymous_12)
FN:71,(anonymous_13)
FN:72,(anonymous_14)
FN:81,(anonymous_15)
FNF:16
FNH:0
FNDA:0,(anonymous_0)
FNDA:0,TypeORMCLient
FNDA:0,(anonymous_2)
FNDA:0,(anonymous_3)
FNDA:0,(anonymous_4)
FNDA:0,(anonymous_5)
FNDA:0,(anonymous_6)
FNDA:0,(anonymous_7)
FNDA:0,(anonymous_8)
FNDA:0,(anonymous_9)
FNDA:0,(anonymous_10)
FNDA:0,(anonymous_11)
FNDA:0,(anonymous_12)
FNDA:0,(anonymous_13)
FNDA:0,(anonymous_14)
FNDA:0,(anonymous_15)
DA:2,0
DA:5,0
DA:9,0
DA:10,0
DA:11,0
DA:12,0
DA:16,0
DA:17,0
DA:18,0
DA:19,0
DA:20,0
DA:22,0
DA:27,0
DA:28,0
DA:29,0
DA:30,0
DA:32,0
DA:37,0
DA:38,0
DA:39,0
DA:40,0
DA:42,0
DA:47,0
DA:48,0
DA:49,0
DA:50,0
DA:51,0
DA:52,0
DA:53,0
DA:55,0
DA:60,0
DA:61,0
DA:62,0
DA:63,0
DA:64,0
DA:66,0
DA:71,0
DA:72,0
DA:73,0
DA:74,0
DA:76,0
DA:81,0
DA:82,0
DA:92,0
LF:44
LH:0
BRDA:19,0,0,0
BRDA:19,0,1,0
BRDA:52,1,0,0
BRDA:52,1,1,0
BRDA:63,2,0,0
BRDA:63,2,1,0
BRF:6
BRH:0
end_of_record
TN:
SF:src/utils/sqldb/connection.ts
FN:22,(anonymous_0)
FN:25,(anonymous_2)
FN:29,(anonymous_3)
FN:35,(anonymous_4)
FNF:4
FNH:0
FNDA:0,(anonymous_0)
FNDA:0,(anonymous_2)
FNDA:0,(anonymous_3)
FNDA:0,(anonymous_4)
DA:1,0
DA:2,0
DA:4,0
DA:6,0
DA:22,0
DA:23,0
DA:25,0
DA:26,0
DA:27,0
DA:29,0
DA:30,0
DA:35,0
DA:37,0
DA:38,0
DA:39,0
DA:41,0
DA:44,0
LF:17
LH:0
BRDA:26,0,0,0
BRDA:26,0,1,0
BRF:2
BRH:0
end_of_record
