TN:
SF:error/Error.ts
FN:1,(anonymous_6)
FN:5,ApiError
FNF:2
FNH:2
FNDA:1,(anonymous_6)
FNDA:2,ApiError
DA:1,1
DA:6,2
DA:7,2
DA:8,2
DA:10,1
LF:5
LH:5
BRDA:6,0,0,2
BRDA:6,0,1,0
BRF:2
BRH:1
end_of_record
TN:
SF:services/CacheProvider.ts
FN:1,(anonymous_0)
FN:12,CacheProvider
FN:5,(anonymous_2)
FNF:3
FNH:1
FNDA:1,(anonymous_0)
FNDA:0,CacheProvider
FNDA:0,(anonymous_2)
DA:1,1
DA:3,1
DA:5,1
DA:6,0
DA:7,0
DA:9,0
DA:17,1
LF:7
LH:4
BRDA:6,0,0,0
BRDA:6,0,1,0
BRF:2
BRH:0
end_of_record
TN:
SF:services/cacheErrorHandler.ts
FN:4,cacheErrorHandler
FNF:1
FNH:1
FNDA:1,cacheErrorHandler
DA:2,1
DA:4,1
DA:6,1
DA:7,1
DA:8,1
DA:9,1
DA:10,0
DA:11,0
DA:12,0
DA:14,0
LF:10
LH:6
BRDA:6,0,0,1
BRDA:6,0,1,0
BRDA:10,1,0,0
BRDA:10,1,1,0
BRF:4
BRH:1
end_of_record
TN:
SF:services/errorHandlingFunctions.ts
FN:5,addErrorForExistingNameAndResolution
FN:11,addImageNotUploadedError
FN:17,addImageWithSameNameExistingError
FNF:3
FNH:2
FNDA:1,addErrorForExistingNameAndResolution
FNDA:1,addImageNotUploadedError
FNDA:0,addImageWithSameNameExistingError
DA:2,1
DA:3,1
DA:5,1
DA:6,1
DA:7,1
DA:11,1
DA:12,1
DA:13,1
DA:17,1
DA:18,0
DA:19,0
LF:11
LH:9
BRDA:6,0,0,1
BRDA:6,0,1,0
BRDA:12,1,0,1
BRDA:12,1,1,0
BRDA:18,2,0,0
BRDA:18,2,1,0
BRF:6
BRH:2
end_of_record
